{
  "run": {
    "runId": "run_ceab901e-32ae-406d-aaa8-af9028046876",
    "capabilityId": "viral.midform.video.generate",
    "status": "succeeded",
    "mode": "submit",
    "createdAt": "2026-05-06T08:18:37.918Z",
    "finishedAt": "2026-05-06T08:19:08.118Z",
    "result": {
      "data": {
        "shots": [
          {
            "shot_idx": 1,
            "speech_text": "长期久坐时，肩颈不是突然僵住的，而是身体在一点点代偿。",
            "image_prompt": "【统一风格】高质感3D骨骼模型演示，光滑细腻的材质与解剖学精准的骨架结构展示，背景以单色渐变突出重点。，风格类型：3D，骨骼结构必须精确真实；动画运动流畅；材质光滑但无强烈反光；背景简洁而不分散注意力\n【当前镜头内容】高质感3D骨骼模型演示，背景为简单的单色渐变，一个肩颈区域的骨骼特写，肩颈微微歪斜，表现出由于代偿导致的不平衡感，骨骼精准真实，材质光滑细腻，背景为柔和渐变突出效果。\n【负面约束】禁止卡通化风格；禁止过于复杂的背景；禁止肤色或非骨骼材质的肌肉表现；禁止可读文字、字幕、水印，禁止任何可读文字、字幕、水印、标题、logo、UI文案，禁止人物直视镜头说话，禁止小孩、未成年人、婴儿、儿童，禁止风格跳变",
            "video_prompt": "【统一风格】高质感3D骨骼模型演示，光滑细腻的材质与解剖学精准的骨架结构展示，背景以单色渐变突出重点。，风格类型：3D，骨骼结构必须精确真实；动画运动流畅；材质光滑但无强烈反光；背景简洁而不分散注意力\n【当前镜头动态】高质感3D骨骼模型演示的动态过程，从正常坐姿的肩颈骨骼开始，随着时间推移，肩颈区域骨骼逐渐产生轻微的代偿动作，包括细微的歪斜与骨骼间微动作。镜头从中景推向特写，展示这一细节变化，光线稳定，背景保持柔和单色渐变。\n【负面约束】禁止卡通化风格；禁止过于复杂的背景；禁止肤色或非骨骼材质的肌肉表现；禁止可读文字、字幕、水印，禁止任何可读文字、字幕、水印、标题、logo、UI文案，禁止人物直视镜头说话，禁止小孩、未成年人、婴儿、儿童，禁止风格跳变",
            "estimated_duration": 6.4
          },
          {
            "shot_idx": 2,
            "speech_text": "第一段先解释头前伸如何让颈椎负担变大，",
            "image_prompt": "【统一风格】高质感3D骨骼模型演示，光滑细腻的材质与解剖学精准的骨架结构展示，背景以单色渐变突出重点。，风格类型：3D，骨骼结构必须精确真实；动画运动流畅；材质光滑但无强烈反光；背景简洁而不分散注意力\n【当前镜头内容】3D骨骼模型的头部和颈椎特写，颈椎曲线清晰可见，姿态稍微前倾，强调头前伸对颈椎的压力影响，骨骼材质光滑且真实，背景简洁呈单色渐变，突出颈椎与头部连接处。\n【负面约束】禁止卡通化风格；禁止过于复杂的背景；禁止肤色或非骨骼材质的肌肉表现；禁止可读文字、字幕、水印，禁止任何可读文字、字幕、水印、标题、logo、UI文案，禁止人物直视镜头说话，禁止小孩、未成年人、婴儿、儿童，禁止风格跳变",
            "video_prompt": "【统一风格】高质感3D骨骼模型演示，光滑细腻的材质与解剖学精准的骨架结构展示，背景以单色渐变突出重点。，风格类型：3D，骨骼结构必须精确真实；动画运动流畅；材质光滑但无强烈反光；背景简洁而不分散注意力\n【当前镜头动态】镜头从一个中景颈部骨骼展示开始，动态演示头部逐渐向前伸的动作，随着动作幅度增大，颈椎区域的压力以红色高亮动画效果逐步叠加显示，最终定格在头前伸姿态的特写，背景仍为单色渐变，镜头稳健推进。\n【负面约束】禁止卡通化风格；禁止过于复杂的背景；禁止肤色或非骨骼材质的肌肉表现；禁止可读文字、字幕、水印，禁止任何可读文字、字幕、水印、标题、logo、UI文案，禁止人物直视镜头说话，禁止小孩、未成年人、婴儿、儿童，禁止风格跳变",
            "estimated_duration": 4
          },
          {
            "shot_idx": 3,
            "speech_text": "第二段用3D骨骼画面展示斜方肌和肩胛提肌持续紧张，",
            "image_prompt": "【统一风格】高质感3D骨骼模型演示，光滑细腻的材质与解剖学精准的骨架结构展示，背景以单色渐变突出重点。，风格类型：3D，骨骼结构必须精确真实；动画运动流畅；材质光滑但无强烈反光；背景简洁而不分散注意力\n【当前镜头内容】斜方肌和肩胛提肌区域的3D骨骼模型特写，肌肉用动态透明的方式标注出持续紧张区域，骨骼和关节细节清晰，材质光滑细腻，背景为简洁单色渐变，聚焦在肩部与颈部的骨骼交界处。\n【负面约束】禁止卡通化风格；禁止过于复杂的背景；禁止肤色或非骨骼材质的肌肉表现；禁止可读文字、字幕、水印，禁止任何可读文字、字幕、水印、标题、logo、UI文案，禁止人物直视镜头说话，禁止小孩、未成年人、婴儿、儿童，禁止风格跳变",
            "video_prompt": "【统一风格】高质感3D骨骼模型演示，光滑细腻的材质与解剖学精准的骨架结构展示，背景以单色渐变突出重点。，风格类型：3D，骨骼结构必须精确真实；动画运动流畅；材质光滑但无强烈反光；背景简洁而不分散注意力\n【当前镜头动态】通过环绕镜头展示肩颈区域的3D骨骼模型，动态透明动画高亮斜方肌和肩胛提肌紧张部位，循序渐进显示两块区域逐渐泛红并波动，表现长期紧张的影响，镜头平稳运转，光影柔和而均匀，背景单色渐变以突出主体骨骼。\n【负面约束】禁止卡通化风格；禁止过于复杂的背景；禁止肤色或非骨骼材质的肌肉表现；禁止可读文字、字幕、水印，禁止任何可读文字、字幕、水印、标题、logo、UI文案，禁止人物直视镜头说话，禁止小孩、未成年人、婴儿、儿童，禁止风格跳变",
            "estimated_duration": 4.8
          },
          {
            "shot_idx": 4,
            "speech_text": "第三段给出一个简单的放松动作。",
            "image_prompt": "【统一风格】高质感3D骨骼模型演示，光滑细腻的材质与解剖学精准的骨架结构展示，背景以单色渐变突出重点。，风格类型：3D，骨骼结构必须精确真实；动画运动流畅；材质光滑但无强烈反光；背景简洁而不分散注意力\n【当前镜头内容】高质感3D骨骼模型演示，展示一个人类骨骼的静态结构，以单色渐变背景突出重点，场景中骨骼显示为光滑细腻的材质，骨架运动位置调整到对应放松动作的关键瞬间，骨骼比例与解剖构造精准，画面干净无杂乱元素，以固定中景镜头呈现，泛柔光的均匀照明加强轮廓表现。\n【负面约束】禁止卡通化风格；禁止过于复杂的背景；禁止肤色或非骨骼材质的肌肉表现；禁止可读文字、字幕、水印，禁止任何可读文字、字幕、水印、标题、logo、UI文案，禁止人物直视镜头说话，禁止小孩、未成年人、婴儿、儿童，禁止风格跳变",
            "video_prompt": "【统一风格】高质感3D骨骼模型演示，光滑细腻的材质与解剖学精准的骨架结构展示，背景以单色渐变突出重点。，风格类型：3D，骨骼结构必须精确真实；动画运动流畅；材质光滑但无强烈反光；背景简洁而不分散注意力\n【当前镜头动态】高质感3D骨骼模型演示，从固定角度展示，开始时骨骼模型静止，随后逐步展示一个简单的伸展放松动作，骨骼相应部位运动流畅；镜头以中景为主，随着骨骼动作微调视角以突出动态细节；整体光线柔和均匀，静谧单色渐变背景强调骨骼结构及动作变化。\n【负面约束】禁止卡通化风格；禁止过于复杂的背景；禁止肤色或非骨骼材质的肌肉表现；禁止可读文字、字幕、水印，禁止任何可读文字、字幕、水印、标题、logo、UI文案，禁止人物直视镜头说话，禁止小孩、未成年人、婴儿、儿童，禁止风格跳变",
            "estimated_duration": 3.6
          }
        ],
        "creativeTaskId": "69dd4403-0a99-4bc1-ab8c-d8872f51dc08",
        "storyboardTaskId": "cmotsd5fs001601s6kvgix6r0"
      }
    },
    "artifacts": [],
    "usage": {
      "provider": "internal_api",
      "durationMs": 106
    },
    "error": null
  }
}
